2022-12-05T16:23:51.281+0800	[34mINFO[0m	clients/client_factory.go:47	logDir:<mango_api/tmp/nacos/log>   cacheDir:<mango_api/tmp/nacos/cache>
2022-12-05T16:26:34.435+0800	[34mINFO[0m	clients/client_factory.go:47	logDir:<mango_api/tmp/nacos/log>   cacheDir:<mango_api/tmp/nacos/cache>
2022-12-05T16:28:45.410+0800	[34mINFO[0m	clients/client_factory.go:47	logDir:<mango_api/tmp/nacos/log>   cacheDir:<mango_api/tmp/nacos/cache>
2022-12-05T16:30:43.955+0800	[34mINFO[0m	clients/client_factory.go:47	logDir:<mango_api/tmp/nacos/log>   cacheDir:<mango_api/tmp/nacos/cache>
2022-12-05T16:30:48.475+0800	[34mINFO[0m	clients/client_factory.go:47	logDir:<mango_api/tmp/nacos/log>   cacheDir:<mango_api/tmp/nacos/cache>
2022-12-05T16:47:53.130+0800	[34mINFO[0m	clients/client_factory.go:47	logDir:<mango_api/tmp/nacos/log>   cacheDir:<mango_api/tmp/nacos/cache>
2022-12-05T16:57:32.701+0800	[34mINFO[0m	clients/client_factory.go:47	logDir:<mango_api/tmp/nacos/log>   cacheDir:<mango_api/tmp/nacos/cache>
2022-12-06T14:55:49.480+0800	[34mINFO[0m	clients/client_factory.go:47	logDir:<mango_api/tmp/nacos/log>   cacheDir:<mango_api/tmp/nacos/cache>
2022-12-07T10:52:14.038+0800	[34mINFO[0m	clients/client_factory.go:47	logDir:<mango_api/tmp/nacos/log>   cacheDir:<mango_api/tmp/nacos/cache>
2022-12-07T10:52:52.710+0800	[34mINFO[0m	clients/client_factory.go:47	logDir:<mango_api/tmp/nacos/log>   cacheDir:<mango_api/tmp/nacos/cache>
2022-12-07T11:25:33.875+0800	[34mINFO[0m	clients/client_factory.go:47	logDir:<mango_api/tmp/nacos/log>   cacheDir:<mango_api/tmp/nacos/cache>
2022-12-07T14:18:48.959+0800	[34mINFO[0m	clients/client_factory.go:47	logDir:<mango_api/tmp/nacos/log>   cacheDir:<mango_api/tmp/nacos/cache>
2022-12-07T14:20:23.067+0800	[34mINFO[0m	clients/client_factory.go:47	logDir:<mango_api/tmp/nacos/log>   cacheDir:<mango_api/tmp/nacos/cache>
2022-12-07T14:44:30.869+0800	[34mINFO[0m	clients/client_factory.go:47	logDir:<mango_api/tmp/nacos/log>   cacheDir:<mango_api/tmp/nacos/cache>
2022-12-07T14:47:46.226+0800	[34mINFO[0m	clients/client_factory.go:47	logDir:<mango_api/tmp/nacos/log>   cacheDir:<mango_api/tmp/nacos/cache>
2022-12-07T14:49:26.480+0800	[34mINFO[0m	clients/client_factory.go:47	logDir:<mango_api/tmp/nacos/log>   cacheDir:<mango_api/tmp/nacos/cache>
2022-12-07T15:04:46.581+0800	[34mINFO[0m	clients/client_factory.go:47	logDir:<mango_api/tmp/nacos/log>   cacheDir:<mango_api/tmp/nacos/cache>
2022-12-07T15:07:23.399+0800	[34mINFO[0m	clients/client_factory.go:47	logDir:<mango_api/tmp/nacos/log>   cacheDir:<mango_api/tmp/nacos/cache>
2022-12-07T15:54:57.582+0800	[34mINFO[0m	clients/client_factory.go:47	logDir:<mango_api/tmp/nacos/log>   cacheDir:<mango_api/tmp/nacos/cache>
2022-12-07T16:06:45.317+0800	[34mINFO[0m	clients/client_factory.go:47	logDir:<mango_api/tmp/nacos/log>   cacheDir:<mango_api/tmp/nacos/cache>
2022-12-07T16:32:18.006+0800	[34mINFO[0m	clients/client_factory.go:47	logDir:<mango_api/tmp/nacos/log>   cacheDir:<mango_api/tmp/nacos/cache>
2022-12-08T13:56:41.750+0800	[34mINFO[0m	clients/client_factory.go:47	logDir:<mango_api/tmp/nacos/log>   cacheDir:<mango_api/tmp/nacos/cache>
2022-12-08T13:56:41.751+0800	[31mERROR[0m	nacos_server/nacos_server.go:75	login has error Post "http://127.0.0.1:8848/nacos/v1/auth/users/login": dial tcp 127.0.0.1:8848: connect: connection refused
2022-12-08T13:56:41.751+0800	[31mERROR[0m	nacos_server/nacos_server.go:199	api</v1/cs/configs>,method:<GET>, params:<{"dataId":"mango-srv.json","group":"mango","tenant":"f168a437-cdfd-435e-b5bb-a2bcd9c048a2"}>, call domain error:<Get "http://127.0.0.1:8848/nacos/v1/cs/configs?group=mango&tenant=f168a437-cdfd-435e-b5bb-a2bcd9c048a2&dataId=mango-srv.json": dial tcp 127.0.0.1:8848: connect: connection refused> , result:<>
2022-12-08T13:56:41.751+0800	[31mERROR[0m	nacos_server/nacos_server.go:199	api</v1/cs/configs>,method:<GET>, params:<{"dataId":"mango-srv.json","group":"mango","tenant":"f168a437-cdfd-435e-b5bb-a2bcd9c048a2"}>, call domain error:<Get "http://127.0.0.1:8848/nacos/v1/cs/configs?dataId=mango-srv.json&group=mango&tenant=f168a437-cdfd-435e-b5bb-a2bcd9c048a2": dial tcp 127.0.0.1:8848: connect: connection refused> , result:<>
2022-12-08T13:56:41.751+0800	[31mERROR[0m	nacos_server/nacos_server.go:199	api</v1/cs/configs>,method:<GET>, params:<{"dataId":"mango-srv.json","group":"mango","tenant":"f168a437-cdfd-435e-b5bb-a2bcd9c048a2"}>, call domain error:<Get "http://127.0.0.1:8848/nacos/v1/cs/configs?dataId=mango-srv.json&group=mango&tenant=f168a437-cdfd-435e-b5bb-a2bcd9c048a2": dial tcp 127.0.0.1:8848: connect: connection refused> , result:<>
2022-12-08T13:56:41.751+0800	[31mERROR[0m	config_client/config_client.go:202	get config from server error:Get "http://127.0.0.1:8848/nacos/v1/cs/configs?dataId=mango-srv.json&group=mango&tenant=f168a437-cdfd-435e-b5bb-a2bcd9c048a2": dial tcp 127.0.0.1:8848: connect: connection refused 
2022-12-08T13:57:27.258+0800	[34mINFO[0m	clients/client_factory.go:47	logDir:<mango_api/tmp/nacos/log>   cacheDir:<mango_api/tmp/nacos/cache>
2022-12-08T14:05:26.803+0800	[34mINFO[0m	clients/client_factory.go:47	logDir:<mango_api/tmp/nacos/log>   cacheDir:<mango_api/tmp/nacos/cache>
2022-12-08T14:13:00.547+0800	[34mINFO[0m	clients/client_factory.go:47	logDir:<mango_api/tmp/nacos/log>   cacheDir:<mango_api/tmp/nacos/cache>
2022-12-08T14:24:00.616+0800	[34mINFO[0m	clients/client_factory.go:47	logDir:<mango_api/tmp/nacos/log>   cacheDir:<mango_api/tmp/nacos/cache>
2022-12-08T14:28:20.278+0800	[34mINFO[0m	clients/client_factory.go:47	logDir:<mango_api/tmp/nacos/log>   cacheDir:<mango_api/tmp/nacos/cache>
2022-12-08T19:22:13.350+0800	[34mINFO[0m	clients/client_factory.go:47	logDir:<mango_api/tmp/nacos/log>   cacheDir:<mango_api/tmp/nacos/cache>
2022-12-08T19:25:31.430+0800	[34mINFO[0m	clients/client_factory.go:47	logDir:<mango_api/tmp/nacos/log>   cacheDir:<mango_api/tmp/nacos/cache>
2022-12-09T00:00:15.124+0800	[34mINFO[0m	clients/client_factory.go:47	logDir:<mango_api/tmp/nacos/log>   cacheDir:<mango_api/tmp/nacos/cache>
2022-12-09T00:01:13.783+0800	[34mINFO[0m	clients/client_factory.go:47	logDir:<mango_api/tmp/nacos/log>   cacheDir:<mango_api/tmp/nacos/cache>
2022-12-09T11:03:15.767+0900	[34mINFO[0m	clients/client_factory.go:47	logDir:<mango_api/tmp/nacos/log>   cacheDir:<mango_api/tmp/nacos/cache>
2022-12-09T10:22:17.294+0800	[34mINFO[0m	clients/client_factory.go:47	logDir:<mango_api/tmp/nacos/log>   cacheDir:<mango_api/tmp/nacos/cache>
2022-12-09T10:24:29.194+0800	[34mINFO[0m	clients/client_factory.go:47	logDir:<mango_api/tmp/nacos/log>   cacheDir:<mango_api/tmp/nacos/cache>
2022-12-09T10:28:22.758+0800	[34mINFO[0m	clients/client_factory.go:47	logDir:<mango_api/tmp/nacos/log>   cacheDir:<mango_api/tmp/nacos/cache>
2022-12-09T10:31:31.254+0800	[34mINFO[0m	clients/client_factory.go:47	logDir:<mango_api/tmp/nacos/log>   cacheDir:<mango_api/tmp/nacos/cache>
2022-12-09T10:33:45.394+0800	[34mINFO[0m	clients/client_factory.go:47	logDir:<mango_api/tmp/nacos/log>   cacheDir:<mango_api/tmp/nacos/cache>
2022-12-09T10:34:50.500+0800	[34mINFO[0m	clients/client_factory.go:47	logDir:<mango_api/tmp/nacos/log>   cacheDir:<mango_api/tmp/nacos/cache>
2022-12-09T14:52:55.271+0800	[34mINFO[0m	clients/client_factory.go:47	logDir:<mango_api/tmp/nacos/log>   cacheDir:<mango_api/tmp/nacos/cache>
2022-12-09T14:55:46.838+0800	[34mINFO[0m	clients/client_factory.go:47	logDir:<mango_api/tmp/nacos/log>   cacheDir:<mango_api/tmp/nacos/cache>
2022-12-09T14:56:38.685+0800	[34mINFO[0m	clients/client_factory.go:47	logDir:<mango_api/tmp/nacos/log>   cacheDir:<mango_api/tmp/nacos/cache>
2022-12-09T14:57:03.376+0800	[34mINFO[0m	clients/client_factory.go:47	logDir:<mango_api/tmp/nacos/log>   cacheDir:<mango_api/tmp/nacos/cache>
2022-12-09T15:41:26.182+0800	[34mINFO[0m	clients/client_factory.go:47	logDir:<mango_api/tmp/nacos/log>   cacheDir:<mango_api/tmp/nacos/cache>
2022-12-10T14:16:44.010+0800	[34mINFO[0m	clients/client_factory.go:47	logDir:<mango_api/tmp/nacos/log>   cacheDir:<mango_api/tmp/nacos/cache>
2022-12-10T14:20:09.150+0800	[34mINFO[0m	clients/client_factory.go:47	logDir:<mango_api/tmp/nacos/log>   cacheDir:<mango_api/tmp/nacos/cache>
2022-12-11T13:28:50.080+0800	[34mINFO[0m	clients/client_factory.go:47	logDir:<mango_api/tmp/nacos/log>   cacheDir:<mango_api/tmp/nacos/cache>
2022-12-11T16:30:59.046+0800	[34mINFO[0m	clients/client_factory.go:47	logDir:<mango_api/tmp/nacos/log>   cacheDir:<mango_api/tmp/nacos/cache>
2022-12-11T16:35:00.202+0800	[34mINFO[0m	clients/client_factory.go:47	logDir:<mango_api/tmp/nacos/log>   cacheDir:<mango_api/tmp/nacos/cache>
2022-12-12T09:51:24.765+0800	[34mINFO[0m	clients/client_factory.go:47	logDir:<mango_api/tmp/nacos/log>   cacheDir:<mango_api/tmp/nacos/cache>
2022-12-12T13:44:41.701+0800	[34mINFO[0m	clients/client_factory.go:47	logDir:<mango_api/tmp/nacos/log>   cacheDir:<mango_api/tmp/nacos/cache>
2022-12-12T18:23:21.241+0800	[34mINFO[0m	clients/client_factory.go:47	logDir:<mango_api/tmp/nacos/log>   cacheDir:<mango_api/tmp/nacos/cache>
2022-12-12T18:26:35.698+0800	[34mINFO[0m	clients/client_factory.go:47	logDir:<mango_api/tmp/nacos/log>   cacheDir:<mango_api/tmp/nacos/cache>
2022-12-12T21:40:05.013+0800	[34mINFO[0m	clients/client_factory.go:47	logDir:<mango_api/tmp/nacos/log>   cacheDir:<mango_api/tmp/nacos/cache>
2022-12-13T09:17:49.137+0800	[34mINFO[0m	clients/client_factory.go:47	logDir:<mango_api/tmp/nacos/log>   cacheDir:<mango_api/tmp/nacos/cache>
2022-12-13T09:23:26.011+0800	[34mINFO[0m	clients/client_factory.go:47	logDir:<mango_api/tmp/nacos/log>   cacheDir:<mango_api/tmp/nacos/cache>
2022-12-13T16:38:18.762+0800	[34mINFO[0m	clients/client_factory.go:47	logDir:<mango_api/tmp/nacos/log>   cacheDir:<mango_api/tmp/nacos/cache>
2022-12-13T16:51:55.556+0800	[34mINFO[0m	clients/client_factory.go:47	logDir:<mango_api/tmp/nacos/log>   cacheDir:<mango_api/tmp/nacos/cache>
2022-12-14T10:47:38.192+0800	[34mINFO[0m	clients/client_factory.go:47	logDir:<mango_api/tmp/nacos/log>   cacheDir:<mango_api/tmp/nacos/cache>
